2026-07-07 13:57:46 INFO  org.hibernate.validator.internal.util.Version - HV000001: Hibernate Validator 9.0.1.Final
2026-07-07 13:57:46 INFO  com.cwm.studentmanagement.StudentmanagementApplication - Starting StudentmanagementApplication using Java 24.0.2 with PID 41964 (E:\uploaded\Student-Management-Application\studentmanagement\target\classes started by Krishna in E:\uploaded\Student-Management-Application\studentmanagement)
2026-07-07 13:57:46 INFO  com.cwm.studentmanagement.StudentmanagementApplication - No active profile set, falling back to 1 default profile: "default"
2026-07-07 13:57:47 INFO  org.springframework.data.repository.config.RepositoryConfigurationDelegate - Bootstrapping Spring Data JPA repositories in DEFAULT mode.
2026-07-07 13:57:47 INFO  org.springframework.data.repository.config.RepositoryConfigurationDelegate - Finished Spring Data repository scanning in 63 ms. Found 4 JPA repository interfaces.
2026-07-07 13:57:48 INFO  org.springframework.boot.tomcat.TomcatWebServer - Tomcat initialized with port 8081 (http)
2026-07-07 13:57:48 INFO  org.apache.coyote.http11.Http11NioProtocol - Initializing ProtocolHandler ["http-nio-8081"]
2026-07-07 13:57:48 INFO  org.apache.catalina.core.StandardService - Starting service [Tomcat]
2026-07-07 13:57:48 INFO  org.apache.catalina.core.StandardEngine - Starting Servlet engine: [Apache Tomcat/11.0.14]
2026-07-07 13:57:48 INFO  org.springframework.boot.web.context.servlet.WebApplicationContextInitializer - Root WebApplicationContext: initialization completed in 1693 ms
2026-07-07 13:57:48 INFO  org.hibernate.jpa.internal.util.LogHelper - HHH000204: Processing PersistenceUnitInfo [name: default]
2026-07-07 13:57:48 INFO  org.hibernate.Version - HHH000412: Hibernate ORM core version 7.1.8.Final
2026-07-07 13:57:48 INFO  org.springframework.orm.jpa.persistenceunit.SpringPersistenceUnitInfo - No LoadTimeWeaver setup: ignoring JPA class transformer
2026-07-07 13:57:49 INFO  com.zaxxer.hikari.HikariDataSource - HikariPool-1 - Starting...
2026-07-07 13:57:49 INFO  com.zaxxer.hikari.pool.HikariPool - HikariPool-1 - Added connection com.mysql.cj.jdbc.ConnectionImpl@17dbca0a
2026-07-07 13:57:49 INFO  com.zaxxer.hikari.HikariDataSource - HikariPool-1 - Start completed.
2026-07-07 13:57:49 INFO  org.hibernate.orm.connections.pooling - HHH10001005: Database info:
	Database JDBC URL [jdbc:mysql://localhost:3306/student_management]
	Database driver: MySQL Connector/J
	Database dialect: MySQLDialect
	Database version: 8.0.43
	Default catalog/schema: student_management/undefined
	Autocommit mode: undefined/unknown
	Isolation level: REPEATABLE_READ [default REPEATABLE_READ]
	JDBC fetch size: none
	Pool: DatasourceConnectionProviderImpl
	Minimum pool size: undefined/unknown
	Maximum pool size: undefined/unknown
2026-07-07 13:57:51 INFO  org.hibernate.engine.transaction.jta.platform.internal.JtaPlatformInitiator - HHH000489: No JTA platform available (set 'hibernate.transaction.jta.platform' to enable JTA platform integration)
2026-07-07 13:57:51 INFO  org.springframework.orm.jpa.LocalContainerEntityManagerFactoryBean - Initialized JPA EntityManagerFactory for persistence unit 'default'
2026-07-07 13:57:51 INFO  org.springframework.data.jpa.repository.query.QueryEnhancerFactories - Hibernate is in classpath; If applicable, HQL parser will be used.
2026-07-07 13:57:53 WARN  org.springframework.boot.jpa.autoconfigure.JpaBaseConfiguration$JpaWebConfiguration - spring.jpa.open-in-view is enabled by default. Therefore, database queries may be performed during view rendering. Explicitly configure spring.jpa.open-in-view to disable this warning
2026-07-07 13:57:53 INFO  org.springframework.security.config.annotation.authentication.configuration.InitializeUserDetailsBeanManagerConfigurer$InitializeUserDetailsManagerConfigurer - Global AuthenticationManager configured with UserDetailsService bean with name userServiceImpl
2026-07-07 13:57:53 INFO  org.apache.coyote.http11.Http11NioProtocol - Starting ProtocolHandler ["http-nio-8081"]
2026-07-07 13:57:53 INFO  org.springframework.boot.tomcat.TomcatWebServer - Tomcat started on port 8081 (http) with context path '/'
2026-07-07 13:57:53 INFO  com.cwm.studentmanagement.StudentmanagementApplication - Started StudentmanagementApplication in 8.092 seconds (process running for 8.721)
2026-07-07 13:57:53 INFO  org.apache.catalina.core.ContainerBase.[Tomcat].[localhost].[/] - Initializing Spring DispatcherServlet 'dispatcherServlet'
2026-07-07 13:57:53 INFO  org.springframework.web.servlet.DispatcherServlet - Initializing Servlet 'dispatcherServlet'
2026-07-07 13:57:53 INFO  org.springframework.web.servlet.DispatcherServlet - Completed initialization in 3 ms
2026-07-07 13:58:10 INFO  com.cwm.studentmanagement.service.impl.EnrollmentServiceImpl - list of recently enrolled students
2026-07-07 13:58:10 WARN  org.hibernate.orm.query - HHH90003004: firstResult/maxResults specified with collection fetch; applying in memory
2026-07-07 13:59:00 INFO  org.springframework.boot.tomcat.GracefulShutdown - Commencing graceful shutdown. Waiting for active requests to complete
2026-07-07 13:59:00 INFO  org.springframework.boot.tomcat.GracefulShutdown - Graceful shutdown complete
2026-07-07 13:59:00 INFO  org.springframework.orm.jpa.LocalContainerEntityManagerFactoryBean - Closing JPA EntityManagerFactory for persistence unit 'default'
2026-07-07 13:59:00 INFO  com.zaxxer.hikari.HikariDataSource - HikariPool-1 - Shutdown initiated...
2026-07-07 13:59:00 INFO  com.zaxxer.hikari.HikariDataSource - HikariPool-1 - Shutdown completed.
